Using pre-set license
Built from '2020.3/staging' branch; Version is '2020.3.18f1 (a7d1c678663c) revision 10998214'; Using compiler version '192528614'; Build Type 'Release'
OS: 'Windows 10 Pro for Workstations; OS build 19043.1586; Version 2009; 64bit' Language: 'es' Physical Memory: 8019 MB
BatchMode: 1, IsHumanControllingUs: 0, StartBugReporterOnCrash: 0, Is64bit: 1, IsPro: 0

COMMAND LINE ARGUMENTS:
C:\Program Files\Unity\Hub\Editor\2020.3.18f1\Editor\Unity.exe
-adb2
-batchMode
-noUpm
-name
AssetImportWorker0
-projectPath
C:/Users/farre/OneDrive/Escritorio/GameJam2/GameJam2
-logFile
Logs/AssetImportWorker0.log
-srvPort
1794
Successfully changed project path to: C:/Users/farre/OneDrive/Escritorio/GameJam2/GameJam2
C:/Users/farre/OneDrive/Escritorio/GameJam2/GameJam2
Using Asset Import Pipeline V2.
Refreshing native plugins compatible for Editor in 56.51 ms, found 3 plugins.
Preloading 0 native plugins for Editor in 0.00 ms.
Initialize engine version: 2020.3.18f1 (a7d1c678663c)
[Subsystems] Discovering subsystems at path C:/Program Files/Unity/Hub/Editor/2020.3.18f1/Editor/Data/Resources/UnitySubsystems
[Subsystems] Discovering subsystems at path C:/Users/farre/OneDrive/Escritorio/GameJam2/GameJam2/Assets
GfxDevice: creating device client; threaded=0
Direct3D:
    Version:  Direct3D 11.0 [level 11.0]
    Renderer: NVIDIA GeForce GTX 960M (ID=0x139b)
    Vendor:   
    VRAM:     2010 MB
    Driver:   30.0.15.1215
Initialize mono
Mono path[0] = 'C:/Program Files/Unity/Hub/Editor/2020.3.18f1/Editor/Data/Managed'
Mono path[1] = 'C:/Program Files/Unity/Hub/Editor/2020.3.18f1/Editor/Data/MonoBleedingEdge/lib/mono/unityjit'
Mono config path = 'C:/Program Files/Unity/Hub/Editor/2020.3.18f1/Editor/Data/MonoBleedingEdge/etc'
Using monoOptions --debugger-agent=transport=dt_socket,embedding=1,server=y,suspend=n,address=127.0.0.1:56992
Begin MonoManager ReloadAssembly
Registering precompiled unity dll's ...
Register platform support module: C:/Program Files/Unity/Hub/Editor/2020.3.18f1/Editor/Data/PlaybackEngines/WindowsStandaloneSupport/UnityEditor.WindowsStandalone.Extensions.dll
Registered in 0.003860 seconds.
Native extension for WindowsStandalone target not found
Refreshing native plugins compatible for Editor in 55.92 ms, found 3 plugins.
Preloading 0 native plugins for Editor in 0.00 ms.
Mono: successfully reloaded assembly
- Completed reload, in  1.504 seconds
Domain Reload Profiling:
	ReloadAssembly (1504ms)
		BeginReloadAssembly (85ms)
			ExecutionOrderSort (0ms)
			DisableScriptedObjects (0ms)
			BackupInstance (0ms)
			ReleaseScriptingObjects (0ms)
			CreateAndSetChildDomain (1ms)
		EndReloadAssembly (625ms)
			LoadAssemblies (82ms)
			RebuildTransferFunctionScriptingTraits (0ms)
			SetupTypeCache (209ms)
			ReleaseScriptCaches (0ms)
			RebuildScriptCaches (77ms)
			SetupLoadedEditorAssemblies (240ms)
				LogAssemblyErrors (0ms)
				InitializePlatformSupportModulesInManaged (11ms)
				SetLoadedEditorAssemblies (0ms)
				RefreshPlugins (56ms)
				BeforeProcessingInitializeOnLoad (13ms)
				ProcessInitializeOnLoadAttributes (118ms)
				ProcessInitializeOnLoadMethodAttributes (42ms)
				AfterProcessingInitializeOnLoad (0ms)
				EditorAssembliesLoaded (0ms)
			ExecutionOrderSort2 (0ms)
			AwakeInstancesAfterBackupRestoration (0ms)
Platform modules already initialized, skipping
Registering precompiled user dll's ...
Registered in 0.007670 seconds.
Begin MonoManager ReloadAssembly
Native extension for WindowsStandalone target not found
Refreshing native plugins compatible for Editor in 51.37 ms, found 3 plugins.
Preloading 0 native plugins for Editor in 0.00 ms.
Mono: successfully reloaded assembly
- Completed reload, in  1.458 seconds
Domain Reload Profiling:
	ReloadAssembly (1459ms)
		BeginReloadAssembly (202ms)
			ExecutionOrderSort (0ms)
			DisableScriptedObjects (6ms)
			BackupInstance (0ms)
			ReleaseScriptingObjects (0ms)
			CreateAndSetChildDomain (31ms)
		EndReloadAssembly (1171ms)
			LoadAssemblies (131ms)
			RebuildTransferFunctionScriptingTraits (0ms)
			SetupTypeCache (403ms)
			ReleaseScriptCaches (0ms)
			RebuildScriptCaches (58ms)
			SetupLoadedEditorAssemblies (422ms)
				LogAssemblyErrors (0ms)
				InitializePlatformSupportModulesInManaged (5ms)
				SetLoadedEditorAssemblies (0ms)
				RefreshPlugins (51ms)
				BeforeProcessingInitializeOnLoad (87ms)
				ProcessInitializeOnLoadAttributes (252ms)
				ProcessInitializeOnLoadMethodAttributes (17ms)
				AfterProcessingInitializeOnLoad (10ms)
				EditorAssembliesLoaded (0ms)
			ExecutionOrderSort2 (0ms)
			AwakeInstancesAfterBackupRestoration (7ms)
Platform modules already initialized, skipping
========================================================================
Worker process is ready to serve import requests
Launched and connected shader compiler UnityShaderCompiler.exe after 0.11 seconds
Refreshing native plugins compatible for Editor in 0.69 ms, found 3 plugins.
Preloading 0 native plugins for Editor in 0.00 ms.
Unloading 2090 Unused Serialized files (Serialized files now loaded: 0)
System memory in use before: 93.0 MB.
System memory in use after: 93.1 MB.

Unloading 26 unused Assets to reduce memory usage. Loaded Objects now: 2529.
Total: 4.432400 ms (FindLiveObjects: 0.209200 ms CreateObjectMapping: 0.078100 ms MarkObjects: 4.006300 ms  DeleteObjects: 0.137800 ms)

AssetImportParameters requested are different than current active one (requested -> active):
  custom:framework-win-MediaFoundation: 216162199b28c13a410421893ffa2e32 -> 
  custom:video-decoder-ogg-theora: a1e56fd34408186e4bbccfd4996cb3dc -> 
  custom:container-muxer-webm: aa71ff27fc2769a1b78a27578f13a17b -> 
  custom:container-demuxer-webm: 4f35f7cbe854078d1ac9338744f61a02 -> 
  custom:container-demuxer-ogg: 62fdf1f143b41e24485cea50d1cbac27 -> 
  custom:video-encoder-webm-vp8: eb34c28f22e8b96e1ab97ce403110664 -> 
  custom:video-decoder-webm-vp8: 9c59270c3fd7afecdb556c50c9e8de78 -> 
  custom:audio-decoder-ogg-vorbis: bf7c407c2cedff20999df2af8eb42d56 -> 
  custom:audio-encoder-webm-vorbis: bf7c407c2cedff20999df2af8eb42d56 -> 
========================================================================
Received Import Request.
  path: Assets/Images/DS DSi - Mario Party DS - Common Words.png
  artifactKey: Guid(92312a1a3164d99428f2582de20639e1) Importer(815301076,1909f56bfc062723c751e8b465ee728b)
Start importing Assets/Images/DS DSi - Mario Party DS - Common Words.png using Guid(92312a1a3164d99428f2582de20639e1) Importer(815301076,1909f56bfc062723c751e8b465ee728b)  -> (artifact id: '7bb4394aaff9d2f45a77fdf75d13ef72') in 0.185840 seconds 
  Import took 0.191683 seconds .

========================================================================
Received Import Request.
  Time since last request: 0.000409 seconds.
  path: Assets/Images
  artifactKey: Guid(d33e6da90c8b75e429df3f7706c73c3b) Importer(815301076,1909f56bfc062723c751e8b465ee728b)
Start importing Assets/Images using Guid(d33e6da90c8b75e429df3f7706c73c3b) Importer(815301076,1909f56bfc062723c751e8b465ee728b)  -> (artifact id: 'ed02ed11dd82da0878505840fd819d9a') in 0.009006 seconds 
  Import took 0.014946 seconds .

========================================================================
Received Import Request.
  Time since last request: 21.388946 seconds.
  path: Assets/Images/DS DSi - Mario Party DS - Common Words.png
  artifactKey: Guid(92312a1a3164d99428f2582de20639e1) Importer(815301076,1909f56bfc062723c751e8b465ee728b)
Start importing Assets/Images/DS DSi - Mario Party DS - Common Words.png using Guid(92312a1a3164d99428f2582de20639e1) Importer(815301076,1909f56bfc062723c751e8b465ee728b)  -> (artifact id: '5198dc9d6f965b74197f035a0da17988') in 0.015370 seconds 
  Import took 0.021632 seconds .

========================================================================
Received Import Request.
  Time since last request: 0.037183 seconds.
  path: Assets/Images/DS DSi - Mario Party DS - Common Words.png
  artifactKey: Guid(92312a1a3164d99428f2582de20639e1) Importer(815301076,1909f56bfc062723c751e8b465ee728b)
Start importing Assets/Images/DS DSi - Mario Party DS - Common Words.png using Guid(92312a1a3164d99428f2582de20639e1) Importer(815301076,1909f56bfc062723c751e8b465ee728b)  -> (artifact id: '5198dc9d6f965b74197f035a0da17988') in 0.013336 seconds 
  Import took 0.019172 seconds .

========================================================================
Received Import Request.
  Time since last request: 9.073973 seconds.
  path: Assets/Images/DS DSi - Mario Party DS - Common Words.png
  artifactKey: Guid(92312a1a3164d99428f2582de20639e1) Importer(815301076,1909f56bfc062723c751e8b465ee728b)
Start importing Assets/Images/DS DSi - Mario Party DS - Common Words.png using Guid(92312a1a3164d99428f2582de20639e1) Importer(815301076,1909f56bfc062723c751e8b465ee728b)  -> (artifact id: '1e368827c7bbb6ba538c6bfa41e1e016') in 0.081819 seconds 
  Import took 0.087526 seconds .

========================================================================
Received Import Request.
  Time since last request: 35.131476 seconds.
  path: Assets/Images/000000_q_13078.png
  artifactKey: Guid(da0af813fb80d8843aba3a0af6bfb2cd) Importer(815301076,1909f56bfc062723c751e8b465ee728b)
Start importing Assets/Images/000000_q_13078.png using Guid(da0af813fb80d8843aba3a0af6bfb2cd) Importer(815301076,1909f56bfc062723c751e8b465ee728b)  -> (artifact id: 'eaf4f26e72ab9608b22ba2a775495155') in 0.020770 seconds 
  Import took 0.027357 seconds .

========================================================================
Received Import Request.
  Time since last request: 4.863425 seconds.
  path: Assets/Images/000000_q_13078.png
  artifactKey: Guid(da0af813fb80d8843aba3a0af6bfb2cd) Importer(815301076,1909f56bfc062723c751e8b465ee728b)
Start importing Assets/Images/000000_q_13078.png using Guid(da0af813fb80d8843aba3a0af6bfb2cd) Importer(815301076,1909f56bfc062723c751e8b465ee728b)  -> (artifact id: 'f1b94479d0b486a5f90fc6d67447d8c2') in 0.048144 seconds 
  Import took 0.053066 seconds .

========================================================================
Received Import Request.
  Time since last request: 531.008145 seconds.
  path: Assets/Images/3f3d7751bcc7b3b5c80d3474e67fb9ed.png
  artifactKey: Guid(6bcafdfc434820148a5cb640d5323cb0) Importer(815301076,1909f56bfc062723c751e8b465ee728b)
Start importing Assets/Images/3f3d7751bcc7b3b5c80d3474e67fb9ed.png using Guid(6bcafdfc434820148a5cb640d5323cb0) Importer(815301076,1909f56bfc062723c751e8b465ee728b)  -> (artifact id: '1f30cdf2edd181080eaa2cc4b102591a') in 0.028822 seconds 
  Import took 0.035314 seconds .

========================================================================
Received Import Request.
  Time since last request: 1.887350 seconds.
  path: Assets/Images/b5ec37681c684272c6783e0302990905.png
  artifactKey: Guid(05e9697e0890668459749c198080a673) Importer(815301076,1909f56bfc062723c751e8b465ee728b)
Start importing Assets/Images/b5ec37681c684272c6783e0302990905.png using Guid(05e9697e0890668459749c198080a673) Importer(815301076,1909f56bfc062723c751e8b465ee728b)  -> (artifact id: '1ddd44e9087fb47fad58b946629cac91') in 0.030190 seconds 
  Import took 0.037088 seconds .

AssetImportWorkerClient::OnTransportError - code=2 error=End of file
